[INFO] Scanning for projects...
[INFO] 
[INFO] --------------------------< pagination:sort >---------------------------
[INFO] Building sort 0.0.1
[INFO]   from pom.xml
[INFO] --------------------------------[ jar ]---------------------------------
[INFO] 
[INFO] --- clean:3.3.2:clean (default-clean) @ sort ---
[INFO] 
[INFO] --- resources:3.3.1:resources (default-resources) @ sort ---
[INFO] Copying 1 resource from src/main/resources to target/classes
[INFO] Copying 3 resources from src/main/resources to target/classes
[INFO] 
[INFO] --- compiler:3.13.0:compile (default-compile) @ sort ---
[INFO] Recompiling the module because of changed source code.
[INFO] Compiling 6 source files with javac [debug deprecation parameters release 17] to target/classes
[INFO] 
[INFO] --- resources:3.3.1:testResources (default-testResources) @ sort ---
[INFO] skip non existing resourceDirectory /ramdisk/code/src/test/resources
[INFO] 
[INFO] --- compiler:3.13.0:testCompile (default-testCompile) @ sort ---
[INFO] Recompiling the module because of changed dependency.
[INFO] Compiling 1 source file with javac [debug deprecation parameters release 17] to target/test-classes
[INFO] ------------------------------------------------------------------------
[INFO] BUILD SUCCESS
[INFO] ------------------------------------------------------------------------
[INFO] Total time:  3.634 s
[INFO] Finished at: 2025-03-11T16:24:43Z
[INFO] ------------------------------------------------------------------------
